Loading 50K data...
Loaded 50000 texts
Creating model with Grassmann Flag Layer...
======================================================================
ISING-ENHANCED N-GRAM LANGUAGE MODEL -- TRAINING
======================================================================

  Architecture: Recall-Primary + Small Perturbation Knowledge Layers
  v8.0: Recall energy encodes -log₂ P_ngram (PRIMARY, β = 0.5*ln2/scale)
  Integer-only hot path: Lookup-table Boltzmann (NO np.exp)
  Ising enabled: True
  Graded couplings: NO (disabled — redundant with recall) (coupling_scale=1000, trigram_scale=2000)
  Walsh spectral: YES (legacy)
  Knowledge scale: 0
  3-Spin scale: 0
  Category scale: 0
  Auto-calibrate β: YES
  Use ConceptNet: False
  Recall-primary mode: YES

  [v8.0 HIERARCHY] All scales within hierarchy limits (recall-primary)
[1/13] Using provided texts (50000 texts)

[2/13] Building vocabulary...
  Corpus vocabulary: 4004 words
  Skipping knowledge word augmentation (recall-primary mode)

[3/13] Building POS type system...
  Train sequences: 45,000, Test sequences: 5,000
  Memory (RSS): 297 MB
  POS system built: 13 types, 4004 words typed

[4/13] Computing PMI couplings (sparse)...
    PMI matrix (sparse): 492,091 non-zero entries out of 16,032,016
    Memory: sparse 5.6MB vs dense 122.3MB
    PMI range: [-3, 10]

[5/13] Computing skip-gram PMI couplings (dist 1-5)...
    Skip-PMI dist=1: 125,816 non-zero entries
    Skip-PMI dist=2: 107,678 non-zero entries
    Skip-PMI dist=3: 86,246 non-zero entries
    Skip-PMI dist=4: 74,191 non-zero entries
    Skip-PMI dist=5: 67,266 non-zero entries

[6/13] Building n-gram index... (RSS: 395 MB)
    1-gram: 3,993 contexts, 83,232 continuations
    2-gram: 31,697 contexts, 70,151 continuations, KN cont=3,525
    3-gram: 21,026 contexts, 27,072 continuations, KN cont=2,397
    4-gram: 8,799 contexts, 9,716 continuations, KN cont=1,564
    5-gram: 4,094 contexts, 4,250 continuations, KN cont=1,106
  N-gram index memory delta: +393 MB (RSS: 788 MB)

[7/13] Skipping knowledge layer (recall-primary mode, scale=0)
    Knowledge layer built:
      Total triples: 0
      Unique subjects: 0
      Unique predicates: 0
      J3 entries: 0
      h_knowledge non-zero: 0
      h_knowledge max: 0 (capped at 0)

[8/13] Skipping category layer (recall-primary mode, scale=0)
    Category layer built:
      Categories: 0
      Categorized words: 0
      Peer pairs: 0

[9/13] Building Markov Logic layer (Layer 5)...
    Markov Logic layer built:
      Total rules: 32
      Soft rules: 28
      Hard rules: 4

[10/13] Scale diagnostics...
  Energy scale comparison:
    recall_scale:        1600
    pmi_weight:             5
    field_weight:           1
    walsh_weight:           1
    knowledge_scale:        0
    spin3_scale:            0
    category_scale:         0
    logic_rule_scale:       0
    logic_hard_scale:   50000

  Ratio vs recall_scale=100:
    knowledge_scale/recall: 0.0%
    spin3_scale/recall:     0.0%
    category_scale/recall:  0.0%
    logic_rule/recall:      0.0%
    walsh_weight/recall:    0.1%

[11/13] Building Topic Spin Layer (Potts coherence)...
  Building Topic Spin Layer (K=16, penalty=400, flip_interval=20)
    [1/4] Building document-term matrix (5000 docs, 4004 vocab)...
    [2/4] Initializing 16 topic centroids...
    [3/4] Running integer K-means (16 topics, 5 iters)...
      Iter 1: 4989 reassigned, sizes=[11, 116, 1, 10, 724, 70, 101, 8, 187, 2385, 248, 138, 3, 183, 633, 182]
      Iter 2: 1981 reassigned, sizes=[22, 247, 1, 35, 662, 292, 224, 67, 340, 1157, 369, 206, 5, 228, 752, 393]
      Iter 3: 1169 reassigned, sizes=[52, 276, 1, 71, 602, 390, 359, 166, 371, 735, 376, 266, 7, 234, 632, 462]
      Iter 4: 692 reassigned, sizes=[68, 293, 1, 111, 560, 441, 454, 213, 351, 591, 365, 286, 12, 232, 562, 460]
      Iter 5: 482 reassigned, sizes=[86, 298, 1, 155, 542, 455, 501, 241, 326, 531, 356, 302, 19, 223, 511, 453]
    [4/4] Computing word-topic assignments (all 50000 texts)...
    Topic assignments: 14 topics used, sizes=[62, 46, 0, 17, 568, 357, 767, 33, 47, 433, 152, 131, 0, 114, 876, 401]

[11b/13] Building Grassmann Flag Layer...

======================================================================
GRASSMANN FLAG LAYER — BUILD
======================================================================
  Architecture: Flag(64 clusters, 16 topics) + Wedge(dist≤5) + Memory(blocks≤500000)

  [FLAG] Building Grassmann flag hierarchy...
  [FLAG]   vocab_size=4004, n_clusters=64, n_topics=16
  [FLAG]   Phase 1: Computing word context vectors...
  [FLAG]   Phase 2: Integer K-means clustering (64 clusters)...
  [FLAG]   Phase 3: Topic assignment (16 topics)...
  [FLAG]   Phase 4: Computing cluster statistics...
  [FLAG]   Phase 5: Computing cluster bigram couplings...
  [FLAG]   Cluster sizes: min=1, max=143, median=59
  [FLAG]   Topics populated: 16/16
  [FLAG]   Flag hierarchy built successfully.

  [WEDGE] Building antisymmetric wedge couplings...
  [WEDGE]   n_clusters=64, max_distance=5
  [WEDGE]   distance=1: fwd_max=20, rev_max=20, wedge: +87/-87/0=3922, max_abs=12
  [WEDGE]   distance=2: fwd_max=20, rev_max=20, wedge: +103/-103/0=3890, max_abs=16
  [WEDGE]   distance=3: fwd_max=20, rev_max=20, wedge: +75/-75/0=3946, max_abs=12
  [WEDGE]   distance=4: fwd_max=20, rev_max=20, wedge: +65/-65/0=3966, max_abs=8
  [WEDGE]   distance=5: fwd_max=20, rev_max=20, wedge: +60/-60/0=3976, max_abs=8
  [WEDGE] Wedge couplings built successfully.

  [MEMORY] Building block memory...
  [MEMORY]   block_size=32, max_blocks=500000
  [MEMORY]   Stored 45000 blocks
  [MEMORY]   Readout cache: 23593 contexts, 1170000 entries, 1698 pruned to top-50
  [MEMORY] Block memory built successfully.

  [GRASSMANN] All sub-layers built successfully.
======================================================================

[12/13] Building generators...

    v8.0: Auto-calibrating β from RECALL-ONLY energy distribution...
    v9.0 Recall-Only β calibration (fine-grained log₂):
      Theoretical β = 0.55*ln(2)/recall_scale = 0.000238
      Median ΔE (recall-only): 33411
      ΔE spread: p10=15274, p90=43232
      Discrimination at median ΔE: -0.0162
      Theoretical β = 0.000238
      Empirical β = 0.000344 (from p10 ΔE=15274)
      Using β = 0.000344 (max of theoretical & empirical)
    β_word set to 0.000344 (recall-only calibrated)

Training complete: 55.3s
  Integer-only: YES (v8.2 — ZERO float operations including init)
Training complete in 55s

Quick PPL...
  Perplexity: 93.01 (evaluated on 290 tokens)
PPL = 93.0
  Perplexity: 235.62 (evaluated on 290 tokens)
  f=0.50: PPL=235.6
  Perplexity: 153.80 (evaluated on 290 tokens)
  f=0.75: PPL=153.8
  Perplexity: 111.52 (evaluated on 290 tokens)
  f=1.00: PPL=111.5
  Perplexity: 92.51 (evaluated on 290 tokens)
  f=1.25: PPL=92.5 <-- BEST
  Perplexity: 90.32 (evaluated on 290 tokens)
  f=1.50: PPL=90.3 <-- BEST
  Perplexity: 102.79 (evaluated on 290 tokens)
  f=1.75: PPL=102.8
  Perplexity: 130.88 (evaluated on 290 tokens)
  f=2.00: PPL=130.9
  Perplexity: 290.00 (evaluated on 290 tokens)
  f=2.50: PPL=290.0
  Perplexity: 155.19 (evaluated on 290 tokens)
  f=3.00: PPL=155.2

Best: f=1.50, PPL=90.3

Generated: the history of the on the real that as . falling to or from the driver unless and clinical | you really on a and divide are really , in the the special won <UNK> and then separated , to obtain percent...
